Determining if the pthread_create exist failed with the following output:
Change Dir: /mnt/src/darknet_ros/darknet_ros/CMakeFiles/CMakeTmp

Run Build Command:"/usr/bin/make" "cmTC_a6567/fast"
/usr/bin/make -f CMakeFiles/cmTC_a6567.dir/build.make CMakeFiles/cmTC_a6567.dir/build
make[1]: 进入目录“/mnt/src/darknet_ros/darknet_ros/CMakeFiles/CMakeTmp”
Building C object CMakeFiles/cmTC_a6567.dir/CheckSymbolExists.c.o
/usr/bin/cc   -Wall -Wno-unused-result -Wno-unknown-pragmas -Wno-unused-variable -Wfatal-errors -fPIC     -o CMakeFiles/cmTC_a6567.dir/CheckSymbolExists.c.o   -c /mnt/src/darknet_ros/darknet_ros/CMakeFiles/CMakeTmp/CheckSymbolExists.c
Linking C executable cmTC_a6567
/usr/bin/cmake -E cmake_link_script CMakeFiles/cmTC_a6567.dir/link.txt --verbose=1
/usr/bin/cc -Wall -Wno-unused-result -Wno-unknown-pragmas -Wno-unused-variable -Wfatal-errors -fPIC      -rdynamic CMakeFiles/cmTC_a6567.dir/CheckSymbolExists.c.o  -o cmTC_a6567 
CMakeFiles/cmTC_a6567.dir/CheckSymbolExists.c.o：在函数‘main’中：
CheckSymbolExists.c:(.text+0x1b)：对‘pthread_create’未定义的引用
collect2: error: ld returned 1 exit status
CMakeFiles/cmTC_a6567.dir/build.make:97: recipe for target 'cmTC_a6567' failed
make[1]: *** [cmTC_a6567] Error 1
make[1]: 离开目录“/mnt/src/darknet_ros/darknet_ros/CMakeFiles/CMakeTmp”
Makefile:126: recipe for target 'cmTC_a6567/fast' failed
make: *** [cmTC_a6567/fast] Error 2

File /mnt/src/darknet_ros/darknet_ros/CMakeFiles/CMakeTmp/CheckSymbolExists.c:
/* */
#include <pthread.h>

int main(int argc, char** argv)
{
  (void)argv;
#ifndef pthread_create
  return ((int*)(&pthread_create))[argc];
#else
  (void)argc;
  return 0;
#endif
}

Determining if the function pthread_create exists in the pthreads failed with the following output:
Change Dir: /mnt/src/darknet_ros/darknet_ros/CMakeFiles/CMakeTmp

Run Build Command:"/usr/bin/make" "cmTC_b1954/fast"
/usr/bin/make -f CMakeFiles/cmTC_b1954.dir/build.make CMakeFiles/cmTC_b1954.dir/build
make[1]: 进入目录“/mnt/src/darknet_ros/darknet_ros/CMakeFiles/CMakeTmp”
Building C object CMakeFiles/cmTC_b1954.dir/CheckFunctionExists.c.o
/usr/bin/cc   -Wall -Wno-unused-result -Wno-unknown-pragmas -Wno-unused-variable -Wfatal-errors -fPIC  -DCHECK_FUNCTION_EXISTS=pthread_create   -o CMakeFiles/cmTC_b1954.dir/CheckFunctionExists.c.o   -c /usr/share/cmake-3.10/Modules/CheckFunctionExists.c
Linking C executable cmTC_b1954
/usr/bin/cmake -E cmake_link_script CMakeFiles/cmTC_b1954.dir/link.txt --verbose=1
/usr/bin/cc -Wall -Wno-unused-result -Wno-unknown-pragmas -Wno-unused-variable -Wfatal-errors -fPIC  -DCHECK_FUNCTION_EXISTS=pthread_create    -rdynamic CMakeFiles/cmTC_b1954.dir/CheckFunctionExists.c.o  -o cmTC_b1954 -lpthreads 
/usr/bin/ld: 找不到 -lpthreads
collect2: error: ld returned 1 exit status
CMakeFiles/cmTC_b1954.dir/build.make:97: recipe for target 'cmTC_b1954' failed
make[1]: *** [cmTC_b1954] Error 1
make[1]: 离开目录“/mnt/src/darknet_ros/darknet_ros/CMakeFiles/CMakeTmp”
Makefile:126: recipe for target 'cmTC_b1954/fast' failed
make: *** [cmTC_b1954/fast] Error 2


